  [1m[35m (2.8ms)[0m  [1m[35mCREATE TABLE "schema_migrations" ("version" varchar NOT NULL PRIMARY KEY)[0m
  [1m[35m (2.0ms)[0m  [1m[35mCREATE TABLE "ar_internal_metadata" ("key" varchar NOT NULL PRIMARY KEY, "value" varchar, "created_at" datetime(6) NOT NULL, "updated_at" datetime(6) NOT NULL)[0m
  [1m[36mActiveRecord::SchemaMigration Pluck (0.2ms)[0m  [1m[34mSELECT "schema_migrations"."version" FROM "schema_migrations" ORDER BY "schema_migrations"."version" ASC[0m
Migrating to CreateUsers (20230223145403)
  [1m[36mTRANSACTION (0.1ms)[0m  [1m[36mbegin transaction[0m
  [1m[35m (0.4ms)[0m  [1m[35mCREATE TABLE "users" ("id" integer PRIMARY KEY AUTOINCREMENT NOT NULL, "created_at" datetime(6) NOT NULL, "updated_at" datetime(6) NOT NULL)[0m
  [1m[36mActiveRecord::SchemaMigration Create (0.3ms)[0m  [1m[32mINSERT INTO "schema_migrations" ("version") VALUES (?)[0m  [["version", "20230223145403"]]
  [1m[36mTRANSACTION (5.0ms)[0m  [1m[36mcommit transaction[0m
  [1m[36mActiveRecord::InternalMetadata Load (0.4ms)[0m  [1m[34mSELECT "ar_internal_metadata".* FROM "ar_internal_metadata" WHERE "ar_internal_metadata"."key" = ? LIMIT ?[0m  [["key", "environment"], ["LIMIT", 1]]
  [1m[36mTRANSACTION (0.1ms)[0m  [1m[36mbegin transaction[0m
  [1m[36mActiveRecord::InternalMetadata Create (0.4ms)[0m  [1m[32mINSERT INTO "ar_internal_metadata" ("key", "value", "created_at", "updated_at") VALUES (?, ?, ?, ?)[0m  [["key", "environment"], ["value", "development"], ["created_at", "2023-02-23 17:56:08.928633"], ["updated_at", "2023-02-23 17:56:08.928633"]]
  [1m[36mTRANSACTION (3.1ms)[0m  [1m[36mcommit transaction[0m
  [1m[36mActiveRecord::SchemaMigration Pluck (0.2ms)[0m  [1m[34mSELECT "schema_migrations"."version" FROM "schema_migrations" ORDER BY "schema_migrations"."version" ASC[0m
Started GET "/" for 127.0.0.1 at 2023-02-23 14:56:24 -0300
  [1m[36mActiveRecord::SchemaMigration Pluck (0.3ms)[0m  [1m[34mSELECT "schema_migrations"."version" FROM "schema_migrations" ORDER BY "schema_migrations"."version" ASC[0m
Processing by SearchesController#index as HTML
  Rendering layout layouts/application.html.erb
  Rendering searches/index.html.erb within layouts/application
  Rendered searches/index.html.erb within layouts/application (Duration: 7.1ms | Allocations: 2260)
  Rendered layout layouts/application.html.erb (Duration: 7.5ms | Allocations: 2371)
Completed 500 Internal Server Error in 29ms (ActiveRecord: 0.0ms | Allocations: 6541)


  
ActionView::SyntaxErrorInTemplate (Encountered a syntax error while rendering template: check <h1>Searches</h1>
<%= form_with url: "", method :GET do |form| %>
  <%= form.search_field, :query %>
<% end %>
<h2>Queries</h2>
<%= params[:query]%>

):
1:    <h1>Searches</h1>
2:    <%= form_with url: "", method :GET do |form| %>
3:      <%= form.search_field, :query %>
4:    <% end %>
5:    <h2>Queries</h2>
6:    <%= params[:query]%>
  
app/views/searches/index.html.erb:2: syntax error, unexpected symbol literal, expecting `do' or '{' or '('
app/views/searches/index.html.erb:3: syntax error, unexpected ')', expecting '.' or &. or :: or '['
app/views/searches/index.html.erb:4: syntax error, unexpected `end', expecting ')'
app/views/searches/index.html.erb:9: syntax error, unexpected `end', expecting ')'
app/views/searches/index.html.erb:2: syntax error, unexpected symbol literal, expecting `do' or '{' or '('
app/views/searches/index.html.erb:3: syntax error, unexpected ')', expecting '.' or &. or :: or '['
app/views/searches/index.html.erb:4: syntax error, unexpected `end', expecting ')'
app/views/searches/index.html.erb:9: syntax error, unexpected `end', expecting ')'
app/views/searches/index.html.erb:2: syntax error, unexpected symbol literal, expecting `do' or '{' or '('
app/views/searches/index.html.erb:3: syntax error, unexpected ')', expecting '.' or &. or :: or '['
app/views/searches/index.html.erb:4: syntax error, unexpected `end', expecting ')'
app/views/searches/index.html.erb:9: syntax error, unexpected `end', expecting ')'
app/views/searches/index.html.erb:2: syntax error, unexpected symbol literal, expecting `do' or '{' or '('
app/views/searches/index.html.erb:3: syntax error, unexpected ')', expecting '.' or &. or :: or '['
app/views/searches/index.html.erb:4: syntax error, unexpected `end', expecting ')'
app/views/searches/index.html.erb:9: syntax error, unexpected `end', expecting ')'
app/views/searches/index.html.erb:2: syntax error, unexpected symbol literal, expecting `do' or '{' or '('
app/views/searches/index.html.erb:3: syntax error, unexpected ')', expecting '.' or &. or :: or '['
app/views/searches/index.html.erb:4: syntax error, unexpected `end', expecting ')'
app/views/searches/index.html.erb:9: syntax error, unexpected `end', expecting ')'
app/views/searches/index.html.erb:2: syntax error, unexpected symbol literal, expecting `do' or '{' or '('
app/views/searches/index.html.erb:3: syntax error, unexpected ')', expecting '.' or &. or :: or '['
app/views/searches/index.html.erb:4: syntax error, unexpected `end', expecting ')'
app/views/searches/index.html.erb:9: syntax error, unexpected `end', expecting ')'
Started GET "/" for 127.0.0.1 at 2023-02-23 14:57:43 -0300
Processing by SearchesController#index as HTML
  Rendering layout layouts/application.html.erb
  Rendering searches/index.html.erb within layouts/application
  Rendered searches/index.html.erb within layouts/application (Duration: 4.1ms | Allocations: 1160)
  Rendered layout layouts/application.html.erb (Duration: 7.7ms | Allocations: 1250)
Completed 500 Internal Server Error in 18ms (ActiveRecord: 0.0ms | Allocations: 2040)


  
ActionView::SyntaxErrorInTemplate (Encountered a syntax error while rendering template: check <h1>Searches</h1>
<%= form_with url: "", method: :GET do |form| %>
  <%= form.search_field, :query %>
<% end %>
<h2>Queries</h2>
<%= params[:query]%>

):
1:    <h1>Searches</h1>
2:    <%= form_with url: "", method: :GET do |form| %>
3:      <%= form.search_field, :query %>
4:    <% end %>
5:    <h2>Queries</h2>
6:    <%= params[:query]%>
  
app/views/searches/index.html.erb:3: syntax error, unexpected ')', expecting '.' or &. or :: or '['
app/views/searches/index.html.erb:4: syntax error, unexpected `end', expecting ')'
app/views/searches/index.html.erb:9: syntax error, unexpected `end', expecting ')'
app/views/searches/index.html.erb:3: syntax error, unexpected ')', expecting '.' or &. or :: or '['
app/views/searches/index.html.erb:4: syntax error, unexpected `end', expecting ')'
app/views/searches/index.html.erb:9: syntax error, unexpected `end', expecting ')'
app/views/searches/index.html.erb:3: syntax error, unexpected ')', expecting '.' or &. or :: or '['
app/views/searches/index.html.erb:4: syntax error, unexpected `end', expecting ')'
app/views/searches/index.html.erb:9: syntax error, unexpected `end', expecting ')'
app/views/searches/index.html.erb:3: syntax error, unexpected ')', expecting '.' or &. or :: or '['
app/views/searches/index.html.erb:4: syntax error, unexpected `end', expecting ')'
app/views/searches/index.html.erb:9: syntax error, unexpected `end', expecting ')'
app/views/searches/index.html.erb:3: syntax error, unexpected ')', expecting '.' or &. or :: or '['
app/views/searches/index.html.erb:4: syntax error, unexpected `end', expecting ')'
app/views/searches/index.html.erb:9: syntax error, unexpected `end', expecting ')'
app/views/searches/index.html.erb:3: syntax error, unexpected ')', expecting '.' or &. or :: or '['
app/views/searches/index.html.erb:4: syntax error, unexpected `end', expecting ')'
app/views/searches/index.html.erb:9: syntax error, unexpected `end', expecting ')'
Started GET "/" for 127.0.0.1 at 2023-02-23 14:57:48 -0300
Processing by SearchesController#index as HTML
  Rendering layout layouts/application.html.erb
  Rendering searches/index.html.erb within layouts/application
  Rendered searches/index.html.erb within layouts/application (Duration: 1.4ms | Allocations: 1119)
  Rendered layout layouts/application.html.erb (Duration: 2.2ms | Allocations: 1200)
Completed 500 Internal Server Error in 4ms (ActiveRecord: 0.0ms | Allocations: 1458)


  
ActionView::SyntaxErrorInTemplate (Encountered a syntax error while rendering template: check <h1>Searches</h1>
<%= form_with url: "", method: :GET do |form| %>
  <%= form.search_field, :query %>
<% end %>
<h2>Queries</h2>
<%= params[:query]%>

):
1:    <h1>Searches</h1>
2:    <%= form_with url: "", method: :GET do |form| %>
3:      <%= form.search_field, :query %>
4:    <% end %>
5:    <h2>Queries</h2>
6:    <%= params[:query]%>
  
app/views/searches/index.html.erb:3: syntax error, unexpected ')', expecting '.' or &. or :: or '['
app/views/searches/index.html.erb:4: syntax error, unexpected `end', expecting ')'
app/views/searches/index.html.erb:9: syntax error, unexpected `end', expecting ')'
app/views/searches/index.html.erb:3: syntax error, unexpected ')', expecting '.' or &. or :: or '['
app/views/searches/index.html.erb:4: syntax error, unexpected `end', expecting ')'
app/views/searches/index.html.erb:9: syntax error, unexpected `end', expecting ')'
app/views/searches/index.html.erb:3: syntax error, unexpected ')', expecting '.' or &. or :: or '['
app/views/searches/index.html.erb:4: syntax error, unexpected `end', expecting ')'
app/views/searches/index.html.erb:9: syntax error, unexpected `end', expecting ')'
app/views/searches/index.html.erb:3: syntax error, unexpected ')', expecting '.' or &. or :: or '['
app/views/searches/index.html.erb:4: syntax error, unexpected `end', expecting ')'
app/views/searches/index.html.erb:9: syntax error, unexpected `end', expecting ')'
app/views/searches/index.html.erb:3: syntax error, unexpected ')', expecting '.' or &. or :: or '['
app/views/searches/index.html.erb:4: syntax error, unexpected `end', expecting ')'
app/views/searches/index.html.erb:9: syntax error, unexpected `end', expecting ')'
app/views/searches/index.html.erb:3: syntax error, unexpected ')', expecting '.' or &. or :: or '['
app/views/searches/index.html.erb:4: syntax error, unexpected `end', expecting ')'
app/views/searches/index.html.erb:9: syntax error, unexpected `end', expecting ')'
Started GET "/" for 127.0.0.1 at 2023-02-23 14:58:30 -0300
Processing by SearchesController#index as HTML
  Rendering layout layouts/application.html.erb
  Rendering searches/index.html.erb within layouts/application
  Rendered searches/index.html.erb within layouts/application (Duration: 1.3ms | Allocations: 1160)
  Rendered layout layouts/application.html.erb (Duration: 1.9ms | Allocations: 1250)
Completed 500 Internal Server Error in 5ms (ActiveRecord: 0.0ms | Allocations: 2015)


  
ActionView::SyntaxErrorInTemplate (Encountered a syntax error while rendering template: check <h1>Searches</h1>
<%= form_with url: "/", method: :GET do |form| %>
  <%= form.search_field, :query %>
<% end %>
<h2>Queries</h2>
<%= params[:query]%>

):
1:    <h1>Searches</h1>
2:    <%= form_with url: "/", method: :GET do |form| %>
3:      <%= form.search_field, :query %>
4:    <% end %>
5:    <h2>Queries</h2>
6:    <%= params[:query]%>
  
app/views/searches/index.html.erb:3: syntax error, unexpected ')', expecting '.' or &. or :: or '['
app/views/searches/index.html.erb:4: syntax error, unexpected `end', expecting ')'
app/views/searches/index.html.erb:9: syntax error, unexpected `end', expecting ')'
app/views/searches/index.html.erb:3: syntax error, unexpected ')', expecting '.' or &. or :: or '['
app/views/searches/index.html.erb:4: syntax error, unexpected `end', expecting ')'
app/views/searches/index.html.erb:9: syntax error, unexpected `end', expecting ')'
app/views/searches/index.html.erb:3: syntax error, unexpected ')', expecting '.' or &. or :: or '['
app/views/searches/index.html.erb:4: syntax error, unexpected `end', expecting ')'
app/views/searches/index.html.erb:9: syntax error, unexpected `end', expecting ')'
app/views/searches/index.html.erb:3: syntax error, unexpected ')', expecting '.' or &. or :: or '['
app/views/searches/index.html.erb:4: syntax error, unexpected `end', expecting ')'
app/views/searches/index.html.erb:9: syntax error, unexpected `end', expecting ')'
app/views/searches/index.html.erb:3: syntax error, unexpected ')', expecting '.' or &. or :: or '['
app/views/searches/index.html.erb:4: syntax error, unexpected `end', expecting ')'
app/views/searches/index.html.erb:9: syntax error, unexpected `end', expecting ')'
app/views/searches/index.html.erb:3: syntax error, unexpected ')', expecting '.' or &. or :: or '['
app/views/searches/index.html.erb:4: syntax error, unexpected `end', expecting ')'
app/views/searches/index.html.erb:9: syntax error, unexpected `end', expecting ')'
Started GET "/" for 127.0.0.1 at 2023-02-23 14:58:33 -0300
Processing by SearchesController#index as HTML
  Rendering layout layouts/application.html.erb
  Rendering searches/index.html.erb within layouts/application
  Rendered searches/index.html.erb within layouts/application (Duration: 1.3ms | Allocations: 1119)
  Rendered layout layouts/application.html.erb (Duration: 2.3ms | Allocations: 1200)
Completed 500 Internal Server Error in 4ms (ActiveRecord: 0.0ms | Allocations: 1457)


  
ActionView::SyntaxErrorInTemplate (Encountered a syntax error while rendering template: check <h1>Searches</h1>
<%= form_with url: "/", method: :GET do |form| %>
  <%= form.search_field, :query %>
<% end %>
<h2>Queries</h2>
<%= params[:query]%>

):
1:    <h1>Searches</h1>
2:    <%= form_with url: "/", method: :GET do |form| %>
3:      <%= form.search_field, :query %>
4:    <% end %>
5:    <h2>Queries</h2>
6:    <%= params[:query]%>
  
app/views/searches/index.html.erb:3: syntax error, unexpected ')', expecting '.' or &. or :: or '['
app/views/searches/index.html.erb:4: syntax error, unexpected `end', expecting ')'
app/views/searches/index.html.erb:9: syntax error, unexpected `end', expecting ')'
app/views/searches/index.html.erb:3: syntax error, unexpected ')', expecting '.' or &. or :: or '['
app/views/searches/index.html.erb:4: syntax error, unexpected `end', expecting ')'
app/views/searches/index.html.erb:9: syntax error, unexpected `end', expecting ')'
app/views/searches/index.html.erb:3: syntax error, unexpected ')', expecting '.' or &. or :: or '['
app/views/searches/index.html.erb:4: syntax error, unexpected `end', expecting ')'
app/views/searches/index.html.erb:9: syntax error, unexpected `end', expecting ')'
app/views/searches/index.html.erb:3: syntax error, unexpected ')', expecting '.' or &. or :: or '['
app/views/searches/index.html.erb:4: syntax error, unexpected `end', expecting ')'
app/views/searches/index.html.erb:9: syntax error, unexpected `end', expecting ')'
app/views/searches/index.html.erb:3: syntax error, unexpected ')', expecting '.' or &. or :: or '['
app/views/searches/index.html.erb:4: syntax error, unexpected `end', expecting ')'
app/views/searches/index.html.erb:9: syntax error, unexpected `end', expecting ')'
app/views/searches/index.html.erb:3: syntax error, unexpected ')', expecting '.' or &. or :: or '['
app/views/searches/index.html.erb:4: syntax error, unexpected `end', expecting ')'
app/views/searches/index.html.erb:9: syntax error, unexpected `end', expecting ')'
Started GET "/" for 127.0.0.1 at 2023-02-23 15:15:35 -0300
  [1m[36mActiveRecord::SchemaMigration Pluck (0.3ms)[0m  [1m[34mSELECT "schema_migrations"."version" FROM "schema_migrations" ORDER BY "schema_migrations"."version" ASC[0m
Processing by SearchesController#index as HTML
  Rendering layout layouts/application.html.erb
  Rendering searches/index.html.erb within layouts/application
  Rendered searches/index.html.erb within layouts/application (Duration: 3.3ms | Allocations: 1628)
  Rendered layout layouts/application.html.erb (Duration: 3.7ms | Allocations: 1739)
Completed 500 Internal Server Error in 15ms (ActiveRecord: 0.0ms | Allocations: 4678)


  
ActionView::SyntaxErrorInTemplate (Encountered a syntax error while rendering template: check <h1>Searches</h1>

<%= form_with url: "/", method: :GET, do |form| %>
<%= form.search_field :query %>
<% end %>

<h2>Queries</h2>
<%= params[:query] %>
):
1:    <h1>Searches</h1>
2:    
3:    <%= form_with url: "/", method: :GET, do |form| %>
4:    <%= form.search_field :query %>
5:    <% end %>
6:    
7:    <h2>Queries</h2>
8:    <%= params[:query] %>
  
app/views/searches/index.html.erb:3: syntax error, unexpected `do' for block
app/views/searches/index.html.erb:10: syntax error, unexpected `end', expecting end-of-input
app/views/searches/index.html.erb:3: syntax error, unexpected `do' for block
app/views/searches/index.html.erb:10: syntax error, unexpected `end', expecting end-of-input
app/views/searches/index.html.erb:3: syntax error, unexpected `do' for block
app/views/searches/index.html.erb:10: syntax error, unexpected `end', expecting end-of-input
app/views/searches/index.html.erb:3: syntax error, unexpected `do' for block
app/views/searches/index.html.erb:10: syntax error, unexpected `end', expecting end-of-input
app/views/searches/index.html.erb:3: syntax error, unexpected `do' for block
app/views/searches/index.html.erb:10: syntax error, unexpected `end', expecting end-of-input
app/views/searches/index.html.erb:3: syntax error, unexpected `do' for block
app/views/searches/index.html.erb:10: syntax error, unexpected `end', expecting end-of-input
Started GET "/" for ::1 at 2023-02-23 15:16:28 -0300
Processing by SearchesController#index as HTML
  Rendering layout layouts/application.html.erb
  Rendering searches/index.html.erb within layouts/application
  Rendered searches/index.html.erb within layouts/application (Duration: 26.1ms | Allocations: 3167)
  Rendered layout layouts/application.html.erb (Duration: 493.9ms | Allocations: 93743)
Completed 200 OK in 498ms (Views: 497.0ms | ActiveRecord: 0.0ms | Allocations: 94602)


Started GET "/?query=markdown" for ::1 at 2023-02-23 15:16:34 -0300
Processing by SearchesController#index as HTML
  Parameters: {"query"=>"markdown"}
  Rendering layout layouts/application.html.erb
  Rendering searches/index.html.erb within layouts/application
  Rendered searches/index.html.erb within layouts/application (Duration: 1.6ms | Allocations: 676)
  Rendered layout layouts/application.html.erb (Duration: 15.1ms | Allocations: 3053)
Completed 200 OK in 18ms (Views: 16.7ms | ActiveRecord: 0.0ms | Allocations: 3357)


Started GET "/?query=bilibonga" for ::1 at 2023-02-23 15:16:42 -0300
Processing by SearchesController#index as HTML
  Parameters: {"query"=>"bilibonga"}
  Rendering layout layouts/application.html.erb
  Rendering searches/index.html.erb within layouts/application
  Rendered searches/index.html.erb within layouts/application (Duration: 1.3ms | Allocations: 669)
  Rendered layout layouts/application.html.erb (Duration: 12.9ms | Allocations: 3014)
Completed 200 OK in 16ms (Views: 14.2ms | ActiveRecord: 0.0ms | Allocations: 3272)


Started GET "/?query=markdown" for ::1 at 2023-02-23 15:19:04 -0300
Processing by SearchesController#index as HTML
  Parameters: {"query"=>"markdown"}
  [1m[36mUser Load (0.2ms)[0m  [1m[34mSELECT "users".* FROM "users" ORDER BY "users"."id" ASC LIMIT ?[0m  [["LIMIT", 1]]
  ↳ app/controllers/searches_controller.rb:9:in `current_user'
Completed 500 Internal Server Error in 9ms (ActiveRecord: 0.9ms | Allocations: 3667)


  
NoMethodError (undefined method `recent_searches' for nil:NilClass

    current_user.recent_searches.prepend(params[:query]) if params[:query].present?
                ^^^^^^^^^^^^^^^^):
  
app/controllers/searches_controller.rb:3:in `index'
  [1m[36mActiveRecord::SchemaMigration Pluck (0.1ms)[0m  [1m[34mSELECT "schema_migrations"."version" FROM "schema_migrations" ORDER BY "schema_migrations"."version" ASC[0m
  [1m[36mTRANSACTION (0.1ms)[0m  [1m[36mbegin transaction[0m
  [1m[36mUser Create (0.3ms)[0m  [1m[32mINSERT INTO "users" ("created_at", "updated_at") VALUES (?, ?)[0m  [["created_at", "2023-02-23 18:21:25.695050"], ["updated_at", "2023-02-23 18:21:25.695050"]]
  [1m[36mTRANSACTION (1.9ms)[0m  [1m[36mcommit transaction[0m
Started GET "/?query=bilibonga" for ::1 at 2023-02-23 15:21:30 -0300
Processing by SearchesController#index as HTML
  Parameters: {"query"=>"bilibonga"}
  [1m[36mUser Load (0.1ms)[0m  [1m[34mSELECT "users".* FROM "users" ORDER BY "users"."id" ASC LIMIT ?[0m  [["LIMIT", 1]]
  ↳ app/controllers/searches_controller.rb:9:in `current_user'
[1m[35m  Kredis  (1.5ms)  Connected to shared[0m
[1m[33m  Kredis Proxy (0.1ms)  LREM users:1:recent_searches [0, "bilibonga"] [0m
[1m[33m  Kredis Proxy (0.0ms)  LPUSH users:1:recent_searches ["bilibonga"] [0m
[1m[33m  Kredis Proxy (0.0ms)  LTRIM users:1:recent_searches [0, 4] [0m
  Rendering layout layouts/application.html.erb
  Rendering searches/index.html.erb within layouts/application
  Rendered searches/index.html.erb within layouts/application (Duration: 0.7ms | Allocations: 649)
  Rendered layout layouts/application.html.erb (Duration: 20.5ms | Allocations: 15195)
Completed 200 OK in 38ms (Views: 21.5ms | ActiveRecord: 1.2ms | Allocations: 22044)


Started GET "/?query=markdown" for ::1 at 2023-02-23 15:21:34 -0300
Processing by SearchesController#index as HTML
  Parameters: {"query"=>"markdown"}
  [1m[36mUser Load (0.3ms)[0m  [1m[34mSELECT "users".* FROM "users" ORDER BY "users"."id" ASC LIMIT ?[0m  [["LIMIT", 1]]
  ↳ app/controllers/searches_controller.rb:9:in `current_user'
[1m[33m  Kredis Proxy (0.1ms)  LREM users:1:recent_searches [0, "markdown"] [0m
[1m[33m  Kredis Proxy (0.1ms)  LPUSH users:1:recent_searches ["markdown"] [0m
[1m[33m  Kredis Proxy (0.1ms)  LTRIM users:1:recent_searches [0, 4] [0m
  Rendering layout layouts/application.html.erb
  Rendering searches/index.html.erb within layouts/application
  Rendered searches/index.html.erb within layouts/application (Duration: 0.8ms | Allocations: 661)
  Rendered layout layouts/application.html.erb (Duration: 8.5ms | Allocations: 3000)
Completed 200 OK in 17ms (Views: 9.3ms | ActiveRecord: 0.3ms | Allocations: 4336)


Started GET "/?query=markdown" for ::1 at 2023-02-23 15:30:25 -0300
Processing by SearchesController#index as HTML
  Parameters: {"query"=>"markdown"}
  [1m[36mUser Load (0.2ms)[0m  [1m[34mSELECT "users".* FROM "users" ORDER BY "users"."id" ASC LIMIT ?[0m  [["LIMIT", 1]]
  ↳ app/controllers/searches_controller.rb:9:in `current_user'
[1m[33m  Kredis Proxy (0.0ms)  LREM users:1:recent_searches [0, "markdown"] [0m
[1m[33m  Kredis Proxy (0.0ms)  LPUSH users:1:recent_searches ["markdown"] [0m
[1m[33m  Kredis Proxy (0.0ms)  LTRIM users:1:recent_searches [0, 4] [0m
  Rendering layout layouts/application.html.erb
  Rendering searches/index.html.erb within layouts/application
  Rendered searches/index.html.erb within layouts/application (Duration: 1.2ms | Allocations: 901)
  Rendered layout layouts/application.html.erb (Duration: 13.5ms | Allocations: 3659)
Completed 200 OK in 38ms (Views: 20.7ms | ActiveRecord: 0.6ms | Allocations: 5556)


Started GET "/?query=markdown" for ::1 at 2023-02-23 15:30:50 -0300
Processing by SearchesController#index as HTML
  Parameters: {"query"=>"markdown"}
  [1m[36mUser Load (0.3ms)[0m  [1m[34mSELECT "users".* FROM "users" ORDER BY "users"."id" ASC LIMIT ?[0m  [["LIMIT", 1]]
  ↳ app/controllers/searches_controller.rb:9:in `current_user'
[1m[33m  Kredis Proxy (0.0ms)  LREM users:1:recent_searches [0, "markdown"] [0m
[1m[33m  Kredis Proxy (0.0ms)  LPUSH users:1:recent_searches ["markdown"] [0m
[1m[33m  Kredis Proxy (0.0ms)  LTRIM users:1:recent_searches [0, 4] [0m
  Rendering layout layouts/application.html.erb
  Rendering searches/index.html.erb within layouts/application
  Rendered searches/index.html.erb within layouts/application (Duration: 3.4ms | Allocations: 2629)
  Rendered layout layouts/application.html.erb (Duration: 3.6ms | Allocations: 2717)
Completed 500 Internal Server Error in 11ms (ActiveRecord: 0.3ms | Allocations: 4556)


  
ActionView::Template::Error (undefined method `values' for #<Kredis::Types::UniqueList:0x00007f110da5ecc0 @key="users:1:recent_searches", @proxy=#<Kredis::Types::Proxy:0x00007f110da5ec20 @key="users:1:recent_searches", @redis=#<Redis client v4.8.1 for redis://127.0.0.1:6379/0>>, @typed=:string, @limit=5>

'.freeze;@output_buffer.append=( @current_user.recent_searches.values );
                                                              ^^^^^^^):
    5: <% end %>
    6: 
    7: <h2>Queries</h2>
    8: <%= @current_user.recent_searches.values %>
  
app/views/searches/index.html.erb:8
Started GET "/?query=markdown" for ::1 at 2023-02-23 15:30:57 -0300
Processing by SearchesController#index as HTML
  Parameters: {"query"=>"markdown"}
  [1m[36mUser Load (0.2ms)[0m  [1m[34mSELECT "users".* FROM "users" ORDER BY "users"."id" ASC LIMIT ?[0m  [["LIMIT", 1]]
  ↳ app/controllers/searches_controller.rb:9:in `current_user'
[1m[33m  Kredis Proxy (0.0ms)  LREM users:1:recent_searches [0, "markdown"] [0m
[1m[33m  Kredis Proxy (0.0ms)  LPUSH users:1:recent_searches ["markdown"] [0m
[1m[33m  Kredis Proxy (0.0ms)  LTRIM users:1:recent_searches [0, 4] [0m
  Rendering layout layouts/application.html.erb
  Rendering searches/index.html.erb within layouts/application
  Rendered searches/index.html.erb within layouts/application (Duration: 3.7ms | Allocations: 2607)
  Rendered layout layouts/application.html.erb (Duration: 4.0ms | Allocations: 2695)
Completed 500 Internal Server Error in 11ms (ActiveRecord: 0.2ms | Allocations: 4524)


  
ActionView::Template::Error (undefined method `value' for #<Kredis::Types::UniqueList:0x00007f110daee348 @key="users:1:recent_searches", @proxy=#<Kredis::Types::Proxy:0x00007f110daee2d0 @key="users:1:recent_searches", @redis=#<Redis client v4.8.1 for redis://127.0.0.1:6379/0>>, @typed=:string, @limit=5>

'.freeze;@output_buffer.append=( @current_user.recent_searches.value );
                                                              ^^^^^^):
    5: <% end %>
    6: 
    7: <h2>Queries</h2>
    8: <%= @current_user.recent_searches.value %>
  
app/views/searches/index.html.erb:8
Started GET "/?query=markdown" for ::1 at 2023-02-23 15:32:46 -0300
Processing by SearchesController#index as HTML
  Parameters: {"query"=>"markdown"}
  [1m[36mUser Load (0.5ms)[0m  [1m[34mSELECT "users".* FROM "users" ORDER BY "users"."id" ASC LIMIT ?[0m  [["LIMIT", 1]]
  ↳ app/controllers/searches_controller.rb:9:in `current_user'
[1m[33m  Kredis Proxy (0.1ms)  LREM users:1:recent_searches [0, "markdown"] [0m
[1m[33m  Kredis Proxy (0.1ms)  LPUSH users:1:recent_searches ["markdown"] [0m
[1m[33m  Kredis Proxy (0.1ms)  LTRIM users:1:recent_searches [0, 4] [0m
  Rendering layout layouts/application.html.erb
  Rendering searches/index.html.erb within layouts/application
  Rendered searches/index.html.erb within layouts/application (Duration: 12.5ms | Allocations: 2615)
  Rendered layout layouts/application.html.erb (Duration: 13.5ms | Allocations: 2703)
Completed 500 Internal Server Error in 34ms (ActiveRecord: 0.5ms | Allocations: 4531)


  
ActionView::Template::Error (undefined method `each' for #<Kredis::Types::UniqueList:0x00007f110db0f0e8 @key="users:1:recent_searches", @proxy=#<Kredis::Types::Proxy:0x00007f110db0efd0 @key="users:1:recent_searches", @redis=#<Redis client v4.8.1 for redis://127.0.0.1:6379/0>>, @typed=:string, @limit=5>

'.freeze; @current_user.recent_searches.each do |value| 
                                       ^^^^^):
    4: <% end %>
    5: 
    6: <h2>Queries</h2>
    7: <% @current_user.recent_searches.each do |value| %>
    8:   <p><%= value %></p>
    9: <% end %>
  
app/views/searches/index.html.erb:7
Started GET "/?query=markdown" for ::1 at 2023-02-23 15:33:59 -0300
Processing by SearchesController#index as HTML
  Parameters: {"query"=>"markdown"}
  [1m[36mUser Load (0.1ms)[0m  [1m[34mSELECT "users".* FROM "users" ORDER BY "users"."id" ASC LIMIT ?[0m  [["LIMIT", 1]]
  ↳ app/controllers/searches_controller.rb:11:in `current_user'
[1m[33m  Kredis Proxy (0.0ms)  LREM users:1:recent_searches [0, "markdown"] [0m
[1m[33m  Kredis Proxy (0.0ms)  LPUSH users:1:recent_searches ["markdown"] [0m
[1m[33m  Kredis Proxy (0.0ms)  LTRIM users:1:recent_searches [0, 4] [0m
  Rendering layout layouts/application.html.erb
  Rendering searches/index.html.erb within layouts/application
[1m[33m  Kredis Proxy (0.4ms)  LRANGE users:1:recent_searches [0, -1] [0m
  Rendered searches/index.html.erb within layouts/application (Duration: 1.8ms | Allocations: 1032)
  Rendered layout layouts/application.html.erb (Duration: 20.5ms | Allocations: 15755)
Completed 200 OK in 32ms (Views: 23.1ms | ActiveRecord: 1.2ms | Allocations: 19877)


Started GET "/?query=markdown" for ::1 at 2023-02-23 15:34:03 -0300
Processing by SearchesController#index as HTML
  Parameters: {"query"=>"markdown"}
  [1m[36mUser Load (0.3ms)[0m  [1m[34mSELECT "users".* FROM "users" ORDER BY "users"."id" ASC LIMIT ?[0m  [["LIMIT", 1]]
  ↳ app/controllers/searches_controller.rb:11:in `current_user'
[1m[33m  Kredis Proxy (0.1ms)  LREM users:1:recent_searches [0, "markdown"] [0m
[1m[33m  Kredis Proxy (0.1ms)  LPUSH users:1:recent_searches ["markdown"] [0m
[1m[33m  Kredis Proxy (0.1ms)  LTRIM users:1:recent_searches [0, 4] [0m
  Rendering layout layouts/application.html.erb
  Rendering searches/index.html.erb within layouts/application
[1m[33m  Kredis Proxy (0.3ms)  LRANGE users:1:recent_searches [0, -1] [0m
  Rendered searches/index.html.erb within layouts/application (Duration: 1.4ms | Allocations: 763)
  Rendered layout layouts/application.html.erb (Duration: 7.7ms | Allocations: 3117)
Completed 200 OK in 16ms (Views: 8.7ms | ActiveRecord: 0.3ms | Allocations: 4417)


Started GET "/?query=markdown" for ::1 at 2023-02-23 15:34:09 -0300
Processing by SearchesController#index as HTML
  Parameters: {"query"=>"markdown"}
  [1m[36mUser Load (0.3ms)[0m  [1m[34mSELECT "users".* FROM "users" ORDER BY "users"."id" ASC LIMIT ?[0m  [["LIMIT", 1]]
  ↳ app/controllers/searches_controller.rb:11:in `current_user'
[1m[33m  Kredis Proxy (0.1ms)  LREM users:1:recent_searches [0, "markdown"] [0m
[1m[33m  Kredis Proxy (0.1ms)  LPUSH users:1:recent_searches ["markdown"] [0m
[1m[33m  Kredis Proxy (0.1ms)  LTRIM users:1:recent_searches [0, 4] [0m
  Rendering layout layouts/application.html.erb
  Rendering searches/index.html.erb within layouts/application
[1m[33m  Kredis Proxy (0.6ms)  LRANGE users:1:recent_searches [0, -1] [0m
  Rendered searches/index.html.erb within layouts/application (Duration: 3.6ms | Allocations: 763)
  Rendered layout layouts/application.html.erb (Duration: 15.5ms | Allocations: 3111)
Completed 200 OK in 26ms (Views: 17.2ms | ActiveRecord: 0.3ms | Allocations: 4275)


Started GET "/?query=bil" for ::1 at 2023-02-23 15:34:13 -0300
Processing by SearchesController#index as HTML
  Parameters: {"query"=>"bil"}
  [1m[36mUser Load (0.4ms)[0m  [1m[34mSELECT "users".* FROM "users" ORDER BY "users"."id" ASC LIMIT ?[0m  [["LIMIT", 1]]
  ↳ app/controllers/searches_controller.rb:11:in `current_user'
[1m[33m  Kredis Proxy (0.1ms)  LREM users:1:recent_searches [0, "bil"] [0m
[1m[33m  Kredis Proxy (0.1ms)  LPUSH users:1:recent_searches ["bil"] [0m
[1m[33m  Kredis Proxy (0.1ms)  LTRIM users:1:recent_searches [0, 4] [0m
  Rendering layout layouts/application.html.erb
  Rendering searches/index.html.erb within layouts/application
[1m[33m  Kredis Proxy (0.4ms)  LRANGE users:1:recent_searches [0, -1] [0m
  Rendered searches/index.html.erb within layouts/application (Duration: 1.6ms | Allocations: 777)
  Rendered layout layouts/application.html.erb (Duration: 8.6ms | Allocations: 3116)
Completed 200 OK in 18ms (Views: 10.0ms | ActiveRecord: 0.4ms | Allocations: 4279)


Started GET "/?query=markdown" for ::1 at 2023-02-23 15:34:38 -0300
Processing by SearchesController#index as HTML
  Parameters: {"query"=>"markdown"}
  [1m[36mUser Load (0.3ms)[0m  [1m[34mSELECT "users".* FROM "users" ORDER BY "users"."id" ASC LIMIT ?[0m  [["LIMIT", 1]]
  ↳ app/controllers/searches_controller.rb:11:in `current_user'
[1m[33m  Kredis Proxy (0.1ms)  LREM users:1:recent_searches [0, "markdown"] [0m
[1m[33m  Kredis Proxy (0.1ms)  LPUSH users:1:recent_searches ["markdown"] [0m
[1m[33m  Kredis Proxy (0.1ms)  LTRIM users:1:recent_searches [0, 4] [0m
  Rendering layout layouts/application.html.erb
  Rendering searches/index.html.erb within layouts/application
[1m[33m  Kredis Proxy (0.5ms)  LRANGE users:1:recent_searches [0, -1] [0m
  Rendered searches/index.html.erb within layouts/application (Duration: 4.5ms | Allocations: 1086)
  Rendered layout layouts/application.html.erb (Duration: 13.9ms | Allocations: 3864)
Completed 200 OK in 31ms (Views: 17.7ms | ActiveRecord: 0.3ms | Allocations: 5567)


Started GET "/?query=markdown" for ::1 at 2023-02-23 15:34:47 -0300
Processing by SearchesController#index as HTML
  Parameters: {"query"=>"markdown"}
  [1m[36mUser Load (0.2ms)[0m  [1m[34mSELECT "users".* FROM "users" ORDER BY "users"."id" ASC LIMIT ?[0m  [["LIMIT", 1]]
  ↳ app/controllers/searches_controller.rb:11:in `current_user'
[1m[33m  Kredis Proxy (0.0ms)  LREM users:1:recent_searches [0, "markdown"] [0m
[1m[33m  Kredis Proxy (0.0ms)  LPUSH users:1:recent_searches ["markdown"] [0m
[1m[33m  Kredis Proxy (0.1ms)  LTRIM users:1:recent_searches [0, 4] [0m
  Rendering layout layouts/application.html.erb
  Rendering searches/index.html.erb within layouts/application
[1m[33m  Kredis Proxy (0.3ms)  LRANGE users:1:recent_searches [0, -1] [0m
  Rendered searches/index.html.erb within layouts/application (Duration: 2.4ms | Allocations: 1086)
  Rendered layout layouts/application.html.erb (Duration: 13.7ms | Allocations: 3875)
Completed 200 OK in 23ms (Views: 15.3ms | ActiveRecord: 0.2ms | Allocations: 5715)


Started GET "/?query=markdown" for ::1 at 2023-02-23 15:34:54 -0300
Processing by SearchesController#index as HTML
  Parameters: {"query"=>"markdown"}
  [1m[36mUser Load (0.2ms)[0m  [1m[34mSELECT "users".* FROM "users" ORDER BY "users"."id" ASC LIMIT ?[0m  [["LIMIT", 1]]
  ↳ app/controllers/searches_controller.rb:11:in `current_user'
[1m[33m  Kredis Proxy (0.0ms)  LREM users:1:recent_searches [0, "markdown"] [0m
[1m[33m  Kredis Proxy (0.1ms)  LPUSH users:1:recent_searches ["markdown"] [0m
[1m[33m  Kredis Proxy (0.0ms)  LTRIM users:1:recent_searches [0, 4] [0m
  Rendering layout layouts/application.html.erb
  Rendering searches/index.html.erb within layouts/application
[1m[33m  Kredis Proxy (0.2ms)  LRANGE users:1:recent_searches [0, -1] [0m
  Rendered searches/index.html.erb within layouts/application (Duration: 1.6ms | Allocations: 1082)
  Rendered layout layouts/application.html.erb (Duration: 6.8ms | Allocations: 3851)
Completed 200 OK in 14ms (Views: 8.5ms | ActiveRecord: 0.2ms | Allocations: 5693)


Started GET "/?query=light+phthalo+blue" for ::1 at 2023-02-23 15:34:58 -0300
Processing by SearchesController#index as HTML
  Parameters: {"query"=>"light phthalo blue"}
  [1m[36mUser Load (0.2ms)[0m  [1m[34mSELECT "users".* FROM "users" ORDER BY "users"."id" ASC LIMIT ?[0m  [["LIMIT", 1]]
  ↳ app/controllers/searches_controller.rb:11:in `current_user'
[1m[33m  Kredis Proxy (0.1ms)  LREM users:1:recent_searches [0, "light phthalo blue"] [0m
[1m[33m  Kredis Proxy (0.1ms)  LPUSH users:1:recent_searches ["light phthalo blue"] [0m
[1m[33m  Kredis Proxy (0.1ms)  LTRIM users:1:recent_searches [0, 4] [0m
  Rendering layout layouts/application.html.erb
  Rendering searches/index.html.erb within layouts/application
[1m[33m  Kredis Proxy (0.4ms)  LRANGE users:1:recent_searches [0, -1] [0m
  Rendered searches/index.html.erb within layouts/application (Duration: 1.5ms | Allocations: 795)
  Rendered layout layouts/application.html.erb (Duration: 7.4ms | Allocations: 3152)
Completed 200 OK in 16ms (Views: 8.3ms | ActiveRecord: 0.2ms | Allocations: 4455)


Started GET "/?query=bil" for ::1 at 2023-02-23 15:35:02 -0300
Processing by SearchesController#index as HTML
  Parameters: {"query"=>"bil"}
  [1m[36mUser Load (0.4ms)[0m  [1m[34mSELECT "users".* FROM "users" ORDER BY "users"."id" ASC LIMIT ?[0m  [["LIMIT", 1]]
  ↳ app/controllers/searches_controller.rb:11:in `current_user'
[1m[33m  Kredis Proxy (0.1ms)  LREM users:1:recent_searches [0, "bil"] [0m
[1m[33m  Kredis Proxy (0.1ms)  LPUSH users:1:recent_searches ["bil"] [0m
[1m[33m  Kredis Proxy (0.1ms)  LTRIM users:1:recent_searches [0, 4] [0m
  Rendering layout layouts/application.html.erb
  Rendering searches/index.html.erb within layouts/application
[1m[33m  Kredis Proxy (0.7ms)  LRANGE users:1:recent_searches [0, -1] [0m
  Rendered searches/index.html.erb within layouts/application (Duration: 3.0ms | Allocations: 795)
  Rendered layout layouts/application.html.erb (Duration: 17.2ms | Allocations: 3119)
Completed 200 OK in 30ms (Views: 19.6ms | ActiveRecord: 0.4ms | Allocations: 4283)


Started GET "/?query=mamata" for ::1 at 2023-02-23 15:35:07 -0300
Processing by SearchesController#index as HTML
  Parameters: {"query"=>"mamata"}
  [1m[36mUser Load (0.3ms)[0m  [1m[34mSELECT "users".* FROM "users" ORDER BY "users"."id" ASC LIMIT ?[0m  [["LIMIT", 1]]
  ↳ app/controllers/searches_controller.rb:11:in `current_user'
[1m[33m  Kredis Proxy (0.1ms)  LREM users:1:recent_searches [0, "mamata"] [0m
[1m[33m  Kredis Proxy (0.1ms)  LPUSH users:1:recent_searches ["mamata"] [0m
[1m[33m  Kredis Proxy (0.1ms)  LTRIM users:1:recent_searches [0, 4] [0m
  Rendering layout layouts/application.html.erb
  Rendering searches/index.html.erb within layouts/application
[1m[33m  Kredis Proxy (0.3ms)  LRANGE users:1:recent_searches [0, -1] [0m
  Rendered searches/index.html.erb within layouts/application (Duration: 2.2ms | Allocations: 811)
  Rendered layout layouts/application.html.erb (Duration: 8.3ms | Allocations: 3165)
Completed 200 OK in 18ms (Views: 9.4ms | ActiveRecord: 0.3ms | Allocations: 4329)


Started GET "/?query=mamata" for ::1 at 2023-02-23 15:40:07 -0300
Processing by SearchesController#index as HTML
  Parameters: {"query"=>"mamata"}
  [1m[36mUser Load (0.3ms)[0m  [1m[34mSELECT "users".* FROM "users" ORDER BY "users"."id" ASC LIMIT ?[0m  [["LIMIT", 1]]
  ↳ app/controllers/searches_controller.rb:11:in `current_user'
[1m[33m  Kredis Proxy (0.1ms)  LREM users:1:recent_searches [0, "mamata"] [0m
[1m[33m  Kredis Proxy (0.0ms)  LPUSH users:1:recent_searches ["mamata"] [0m
[1m[33m  Kredis Proxy (0.4ms)  LTRIM users:1:recent_searches [0, 4] [0m
  Rendering layout layouts/application.html.erb
  Rendering searches/index.html.erb within layouts/application
[1m[33m  Kredis Proxy (0.3ms)  LRANGE users:1:recent_searches [0, -1] [0m
  Rendered searches/index.html.erb within layouts/application (Duration: 18.8ms | Allocations: 5225)
  Rendered layout layouts/application.html.erb (Duration: 19.5ms | Allocations: 5310)
Completed 500 Internal Server Error in 38ms (ActiveRecord: 1.4ms | Allocations: 9411)


  
ActionView::Template::Error (undefined method `searches_path' for #<ActionView::Base:0x00000000019ac8>

@output_buffer.safe_append='  '.freeze;@output_buffer.append=( link_to searches_path(query: query) );@output_buffer.safe_append='
                                                                       ^^^^^^^^^^^^^
Did you mean?  search_field_tag):
    5: 
    6: <h2>Queries</h2>
    7: <% current_user.recent_searches.elements.each do |query| %>
    8:   <%= link_to searches_path(query: query) %>
    9: <% end %>
  
app/views/searches/index.html.erb:8
app/views/searches/index.html.erb:7:in `each'
app/views/searches/index.html.erb:7
Started GET "/?query=mamata" for ::1 at 2023-02-23 15:40:30 -0300
Processing by SearchesController#index as HTML
  Parameters: {"query"=>"mamata"}
  [1m[36mUser Load (0.4ms)[0m  [1m[34mSELECT "users".* FROM "users" ORDER BY "users"."id" ASC LIMIT ?[0m  [["LIMIT", 1]]
  ↳ app/controllers/searches_controller.rb:11:in `current_user'
[1m[33m  Kredis Proxy (0.1ms)  LREM users:1:recent_searches [0, "mamata"] [0m
[1m[33m  Kredis Proxy (0.1ms)  LPUSH users:1:recent_searches ["mamata"] [0m
[1m[33m  Kredis Proxy (0.1ms)  LTRIM users:1:recent_searches [0, 4] [0m
  Rendering layout layouts/application.html.erb
  Rendering searches/index.html.erb within layouts/application
[1m[33m  Kredis Proxy (0.6ms)  LRANGE users:1:recent_searches [0, -1] [0m
  Rendered searches/index.html.erb within layouts/application (Duration: 59.0ms | Allocations: 5276)
  Rendered layout layouts/application.html.erb (Duration: 60.3ms | Allocations: 5361)
Completed 500 Internal Server Error in 81ms (ActiveRecord: 0.4ms | Allocations: 7167)


  
ActionView::Template::Error (undefined method `searches_path' for #<ActionView::Base:0x00000000019e10>

@output_buffer.safe_append='  '.freeze;@output_buffer.append=( link_to query, searches_path(query: query) );@output_buffer.safe_append='
                                                                              ^^^^^^^^^^^^^
Did you mean?  search_field_tag):
    5: 
    6: <h2>Queries</h2>
    7: <% current_user.recent_searches.elements.each do |query| %>
    8:   <%= link_to query, searches_path(query: query) %>
    9: <% end %>
  
app/views/searches/index.html.erb:8
app/views/searches/index.html.erb:7:in `each'
app/views/searches/index.html.erb:7
Started GET "/?query=mamata" for ::1 at 2023-02-23 15:41:21 -0300
Processing by SearchesController#index as HTML
  Parameters: {"query"=>"mamata"}
  [1m[36mUser Load (0.1ms)[0m  [1m[34mSELECT "users".* FROM "users" ORDER BY "users"."id" ASC LIMIT ?[0m  [["LIMIT", 1]]
  ↳ app/controllers/searches_controller.rb:11:in `current_user'
[1m[33m  Kredis Proxy (0.0ms)  LREM users:1:recent_searches [0, "mamata"] [0m
[1m[33m  Kredis Proxy (0.0ms)  LPUSH users:1:recent_searches ["mamata"] [0m
[1m[33m  Kredis Proxy (0.0ms)  LTRIM users:1:recent_searches [0, 4] [0m
  Rendering layout layouts/application.html.erb
  Rendering searches/index.html.erb within layouts/application
[1m[33m  Kredis Proxy (0.3ms)  LRANGE users:1:recent_searches [0, -1] [0m
  Rendered searches/index.html.erb within layouts/application (Duration: 2.8ms | Allocations: 1461)
  Rendered layout layouts/application.html.erb (Duration: 23.0ms | Allocations: 16173)
Completed 200 OK in 30ms (Views: 25.0ms | ActiveRecord: 0.1ms | Allocations: 18020)


Started GET "/?query=mamata" for ::1 at 2023-02-23 15:41:23 -0300
Processing by SearchesController#index as HTML
  Parameters: {"query"=>"mamata"}
  [1m[36mUser Load (0.3ms)[0m  [1m[34mSELECT "users".* FROM "users" ORDER BY "users"."id" ASC LIMIT ?[0m  [["LIMIT", 1]]
  ↳ app/controllers/searches_controller.rb:11:in `current_user'
[1m[33m  Kredis Proxy (0.1ms)  LREM users:1:recent_searches [0, "mamata"] [0m
[1m[33m  Kredis Proxy (0.1ms)  LPUSH users:1:recent_searches ["mamata"] [0m
[1m[33m  Kredis Proxy (0.0ms)  LTRIM users:1:recent_searches [0, 4] [0m
  Rendering layout layouts/application.html.erb
  Rendering searches/index.html.erb within layouts/application
[1m[33m  Kredis Proxy (0.4ms)  LRANGE users:1:recent_searches [0, -1] [0m
  Rendered searches/index.html.erb within layouts/application (Duration: 3.5ms | Allocations: 1046)
  Rendered layout layouts/application.html.erb (Duration: 10.0ms | Allocations: 3382)
Completed 200 OK in 20ms (Views: 11.2ms | ActiveRecord: 0.3ms | Allocations: 4683)


Started GET "/?query=bil" for ::1 at 2023-02-23 15:41:25 -0300
Processing by SearchesController#index as HTML
  Parameters: {"query"=>"bil"}
  [1m[36mUser Load (0.2ms)[0m  [1m[34mSELECT "users".* FROM "users" ORDER BY "users"."id" ASC LIMIT ?[0m  [["LIMIT", 1]]
  ↳ app/controllers/searches_controller.rb:11:in `current_user'
[1m[33m  Kredis Proxy (0.1ms)  LREM users:1:recent_searches [0, "bil"] [0m
[1m[33m  Kredis Proxy (0.1ms)  LPUSH users:1:recent_searches ["bil"] [0m
[1m[33m  Kredis Proxy (0.0ms)  LTRIM users:1:recent_searches [0, 4] [0m
  Rendering layout layouts/application.html.erb
  Rendering searches/index.html.erb within layouts/application
[1m[33m  Kredis Proxy (0.3ms)  LRANGE users:1:recent_searches [0, -1] [0m
  Rendered searches/index.html.erb within layouts/application (Duration: 7.0ms | Allocations: 1046)
  Rendered layout layouts/application.html.erb (Duration: 12.4ms | Allocations: 3405)
Completed 200 OK in 19ms (Views: 13.9ms | ActiveRecord: 0.2ms | Allocations: 4569)


Started GET "/?query=light+phthalo+blue" for ::1 at 2023-02-23 15:41:25 -0300
Processing by SearchesController#index as HTML
  Parameters: {"query"=>"light phthalo blue"}
  [1m[36mUser Load (0.1ms)[0m  [1m[34mSELECT "users".* FROM "users" ORDER BY "users"."id" ASC LIMIT ?[0m  [["LIMIT", 1]]
  ↳ app/controllers/searches_controller.rb:11:in `current_user'
[1m[33m  Kredis Proxy (0.0ms)  LREM users:1:recent_searches [0, "light phthalo blue"] [0m
[1m[33m  Kredis Proxy (0.0ms)  LPUSH users:1:recent_searches ["light phthalo blue"] [0m
[1m[33m  Kredis Proxy (0.0ms)  LTRIM users:1:recent_searches [0, 4] [0m
  Rendering layout layouts/application.html.erb
  Rendering searches/index.html.erb within layouts/application
[1m[33m  Kredis Proxy (0.2ms)  LRANGE users:1:recent_searches [0, -1] [0m
  Rendered searches/index.html.erb within layouts/application (Duration: 1.9ms | Allocations: 1048)
  Rendered layout layouts/application.html.erb (Duration: 6.5ms | Allocations: 3408)
Completed 200 OK in 11ms (Views: 7.1ms | ActiveRecord: 0.1ms | Allocations: 4576)


Started GET "/?query=mamata" for ::1 at 2023-02-23 15:41:26 -0300
Processing by SearchesController#index as HTML
  Parameters: {"query"=>"mamata"}
  [1m[36mUser Load (0.2ms)[0m  [1m[34mSELECT "users".* FROM "users" ORDER BY "users"."id" ASC LIMIT ?[0m  [["LIMIT", 1]]
  ↳ app/controllers/searches_controller.rb:11:in `current_user'
[1m[33m  Kredis Proxy (0.1ms)  LREM users:1:recent_searches [0, "mamata"] [0m
[1m[33m  Kredis Proxy (0.1ms)  LPUSH users:1:recent_searches ["mamata"] [0m
[1m[33m  Kredis Proxy (0.1ms)  LTRIM users:1:recent_searches [0, 4] [0m
  Rendering layout layouts/application.html.erb
  Rendering searches/index.html.erb within layouts/application
[1m[33m  Kredis Proxy (0.3ms)  LRANGE users:1:recent_searches [0, -1] [0m
  Rendered searches/index.html.erb within layouts/application (Duration: 2.5ms | Allocations: 1046)
  Rendered layout layouts/application.html.erb (Duration: 13.3ms | Allocations: 3406)
Completed 200 OK in 25ms (Views: 17.0ms | ActiveRecord: 0.2ms | Allocations: 4569)


Started GET "/?query=markdown" for ::1 at 2023-02-23 15:41:27 -0300
Processing by SearchesController#index as HTML
  Parameters: {"query"=>"markdown"}
  [1m[36mUser Load (0.2ms)[0m  [1m[34mSELECT "users".* FROM "users" ORDER BY "users"."id" ASC LIMIT ?[0m  [["LIMIT", 1]]
  ↳ app/controllers/searches_controller.rb:11:in `current_user'
[1m[33m  Kredis Proxy (0.0ms)  LREM users:1:recent_searches [0, "markdown"] [0m
[1m[33m  Kredis Proxy (0.0ms)  LPUSH users:1:recent_searches ["markdown"] [0m
[1m[33m  Kredis Proxy (0.0ms)  LTRIM users:1:recent_searches [0, 4] [0m
  Rendering layout layouts/application.html.erb
  Rendering searches/index.html.erb within layouts/application
[1m[33m  Kredis Proxy (0.5ms)  LRANGE users:1:recent_searches [0, -1] [0m
  Rendered searches/index.html.erb within layouts/application (Duration: 2.8ms | Allocations: 1044)
  Rendered layout layouts/application.html.erb (Duration: 8.4ms | Allocations: 3377)
Completed 200 OK in 14ms (Views: 9.3ms | ActiveRecord: 0.2ms | Allocations: 4540)


Started GET "/?query=bilibonga" for ::1 at 2023-02-23 15:41:28 -0300
Processing by SearchesController#index as HTML
  Parameters: {"query"=>"bilibonga"}
  [1m[36mUser Load (0.2ms)[0m  [1m[34mSELECT "users".* FROM "users" ORDER BY "users"."id" ASC LIMIT ?[0m  [["LIMIT", 1]]
  ↳ app/controllers/searches_controller.rb:11:in `current_user'
[1m[33m  Kredis Proxy (0.1ms)  LREM users:1:recent_searches [0, "bilibonga"] [0m
[1m[33m  Kredis Proxy (0.1ms)  LPUSH users:1:recent_searches ["bilibonga"] [0m
[1m[33m  Kredis Proxy (0.0ms)  LTRIM users:1:recent_searches [0, 4] [0m
  Rendering layout layouts/application.html.erb
  Rendering searches/index.html.erb within layouts/application
[1m[33m  Kredis Proxy (0.4ms)  LRANGE users:1:recent_searches [0, -1] [0m
  Rendered searches/index.html.erb within layouts/application (Duration: 3.3ms | Allocations: 1046)
  Rendered layout layouts/application.html.erb (Duration: 8.9ms | Allocations: 3391)
Completed 200 OK in 17ms (Views: 10.0ms | ActiveRecord: 0.2ms | Allocations: 4554)


Started GET "/?query=markdown" for ::1 at 2023-02-23 15:41:30 -0300
Processing by SearchesController#index as HTML
  Parameters: {"query"=>"markdown"}
  [1m[36mUser Load (0.2ms)[0m  [1m[34mSELECT "users".* FROM "users" ORDER BY "users"."id" ASC LIMIT ?[0m  [["LIMIT", 1]]
  ↳ app/controllers/searches_controller.rb:11:in `current_user'
[1m[33m  Kredis Proxy (0.0ms)  LREM users:1:recent_searches [0, "markdown"] [0m
[1m[33m  Kredis Proxy (0.0ms)  LPUSH users:1:recent_searches ["markdown"] [0m
[1m[33m  Kredis Proxy (0.0ms)  LTRIM users:1:recent_searches [0, 4] [0m
  Rendering layout layouts/application.html.erb
  Rendering searches/index.html.erb within layouts/application
[1m[33m  Kredis Proxy (0.3ms)  LRANGE users:1:recent_searches [0, -1] [0m
  Rendered searches/index.html.erb within layouts/application (Duration: 3.2ms | Allocations: 1045)
  Rendered layout layouts/application.html.erb (Duration: 11.5ms | Allocations: 3399)
Completed 200 OK in 25ms (Views: 12.5ms | ActiveRecord: 0.2ms | Allocations: 4562)


[ActionDispatch::HostAuthorization::DefaultResponseApp] Blocked host: smilebar.lvh.me
[ActionDispatch::HostAuthorization::DefaultResponseApp] Blocked host: smilebar.lvh.me
